<?xml version="1.0" encoding="UTF-8"?>
<!-- Generated by org.testng.reporters.JUnitXMLReporter -->
<testsuite ignored="0" hostname="Bajrang-Singh2896" failures="0" tests="4" name="Test" time="0.064" errors="0" timestamp="2023-02-25T20:37:46 IST">
  <testcase classname="com.actitime.testscript.DemoAnnotation" name="deleteCustomer" time="0.006"/>
  <testcase classname="com.actitime.testscript.DemoAnnotation" name="registerCustomer" time="0.001"/>
  <testcase classname="com.actitime.testscript.DemoAnnotation" name="editCustomer" time="0.004"/>
  <testcase classname="com.actitime.testscript.DemoAnnotation" name="editCustomer" time="0.002"/>
</testsuite> <!-- Test -->
