<?xml version="1.0" encoding="UTF-8"?>
<testng-results ignored="0" total="1" passed="1" failed="0" skipped="0">
  <reporter-output>
  </reporter-output>
  <suite started-at="2023-02-28T17:38:33 IST" name="Default suite" finished-at="2023-02-28T17:38:36 IST" duration-ms="2768">
    <groups>
    </groups>
    <test started-at="2023-02-28T17:38:33 IST" name="Default test" finished-at="2023-02-28T17:38:36 IST" duration-ms="2768">
      <class name="file.DemoScreenshot">
        <test-method signature="screenShot()[pri:0, instance:file.DemoScreenshot@4c9f8c13]" started-at="2023-02-28T17:38:33 IST" name="screenShot" finished-at="2023-02-28T17:38:36 IST" duration-ms="2747" status="PASS">
          <reporter-output>
          </reporter-output>
        </test-method> <!-- screenShot -->
      </class> <!-- file.DemoScreenshot -->
    </test> <!-- Default test -->
  </suite> <!-- Default suite -->
</testng-results>
